Determining if the pthread_create exist failed with the following output:
Change Dir: /home/robond/workspace/project1/build/CMakeFiles/CMakeTmp

Run Build Command:"/usr/bin/make" "cmTC_1a11f/fast"
/usr/bin/make -f CMakeFiles/cmTC_1a11f.dir/build.make CMakeFiles/cmTC_1a11f.dir/build
make[1]: Entering directory '/home/robond/workspace/project1/build/CMakeFiles/CMakeTmp'
Building C object CMakeFiles/cmTC_1a11f.dir/CheckSymbolExists.c.o
/usr/bin/cc     -o CMakeFiles/cmTC_1a11f.dir/CheckSymbolExists.c.o   -c /home/robond/workspace/project1/build/CMakeFiles/CMakeTmp/CheckSymbolExists.c
Linking C executable cmTC_1a11f
/usr/bin/cmake -E cmake_link_script CMakeFiles/cmTC_1a11f.dir/link.txt --verbose=1
/usr/bin/cc       CMakeFiles/cmTC_1a11f.dir/CheckSymbolExists.c.o  -o cmTC_1a11f -rdynamic 
CMakeFiles/cmTC_1a11f.dir/CheckSymbolExists.c.o: In function `main':
CheckSymbolExists.c:(.text+0x16): undefined reference to `pthread_create'
collect2: error: ld returned 1 exit status
CMakeFiles/cmTC_1a11f.dir/build.make:97: recipe for target 'cmTC_1a11f' failed
make[1]: *** [cmTC_1a11f] Error 1
make[1]: Leaving directory '/home/robond/workspace/project1/build/CMakeFiles/CMakeTmp'
Makefile:126: recipe for target 'cmTC_1a11f/fast' failed
make: *** [cmTC_1a11f/fast] Error 2

File /home/robond/workspace/project1/build/CMakeFiles/CMakeTmp/CheckSymbolExists.c:
/* */
#include <pthread.h>

int main(int argc, char** argv)
{
  (void)argv;
#ifndef pthread_create
  return ((int*)(&pthread_create))[argc];
#else
  (void)argc;
  return 0;
#endif
}

Determining if the function pthread_create exists in the pthreads failed with the following output:
Change Dir: /home/robond/workspace/project1/build/CMakeFiles/CMakeTmp

Run Build Command:"/usr/bin/make" "cmTC_24280/fast"
/usr/bin/make -f CMakeFiles/cmTC_24280.dir/build.make CMakeFiles/cmTC_24280.dir/build
make[1]: Entering directory '/home/robond/workspace/project1/build/CMakeFiles/CMakeTmp'
Building C object CMakeFiles/cmTC_24280.dir/CheckFunctionExists.c.o
/usr/bin/cc    -DCHECK_FUNCTION_EXISTS=pthread_create   -o CMakeFiles/cmTC_24280.dir/CheckFunctionExists.c.o   -c /usr/share/cmake-3.5/Modules/CheckFunctionExists.c
Linking C executable cmTC_24280
/usr/bin/cmake -E cmake_link_script CMakeFiles/cmTC_24280.dir/link.txt --verbose=1
/usr/bin/cc   -DCHECK_FUNCTION_EXISTS=pthread_create    CMakeFiles/cmTC_24280.dir/CheckFunctionExists.c.o  -o cmTC_24280 -rdynamic -lpthreads 
/usr/bin/ld: cannot find -lpthreads
collect2: error: ld returned 1 exit status
CMakeFiles/cmTC_24280.dir/build.make:97: recipe for target 'cmTC_24280' failed
make[1]: *** [cmTC_24280] Error 1
make[1]: Leaving directory '/home/robond/workspace/project1/build/CMakeFiles/CMakeTmp'
Makefile:126: recipe for target 'cmTC_24280/fast' failed
make: *** [cmTC_24280/fast] Error 2


